#
# There is insufficient memory for the Java Runtime Environment to continue.
# Native memory allocation (malloc) failed to allocate 1048576 bytes for AllocateHeap
# Possible reasons:
#   The system is out of physical RAM or swap space
#   In 32 bit mode, the process size limit was hit
# Possible solutions:
#   Reduce memory load on the system
#   Increase physical memory or swap space
#   Check if swap backing store is full
#   Use 64 bit Java on a 64 bit OS
#   Decrease Java heap size (-Xmx/-Xms)
#   Decrease number of Java threads
#   Decrease Java thread stack sizes (-Xss)
#   Set larger code cache with -XX:ReservedCodeCacheSize=
# This output file may be truncated or incomplete.
#
#  Out of Memory Error (memory/allocation.inline.hpp:62), pid=11088, tid=6584
#
# JRE version:  (8.0_20-b26) (build )
# Java VM: Java HotSpot(TM) 64-Bit Server VM (25.20-b23 mixed mode windows-amd64 compressed oops)
# Failed to write core dump. Minidumps are not enabled by default on client versions of Windows
#

---------------  T H R E A D  ---------------

Current thread (0x000000000032e000):  JavaThread "Unknown thread" [_thread_in_vm, id=6584, stack(0x00000000026b0000,0x00000000027b0000)]

Stack: [0x00000000026b0000,0x00000000027b0000]
[error occurred during error reporting (printing stack bounds), id 0xc0000005]

Native frames: (J=compiled Java code, j=interpreted, Vv=VM code, C=native code)
V  [jvm.dll+0x3152fa]


---------------  P R O C E S S  ---------------

Java Threads: ( => current thread )

Other Threads:

=>0x000000000032e000 (exited) JavaThread "Unknown thread" [_thread_in_vm, id=6584, stack(0x00000000026b0000,0x00000000027b0000)]

VM state:not at safepoint (normal execution)

VM Mutex/Monitor currently owned by a thread: None

Heap:
 PSYoungGen      total 38400K, used 665K [0x00000000d5f00000, 0x00000000d8980000, 0x0000000100000000)
  eden space 33280K, 2% used [0x00000000d5f00000,0x00000000d5fa6670,0x00000000d7f80000)
  from space 5120K, 0% used [0x00000000d8480000,0x00000000d8480000,0x00000000d8980000)
  to   space 5120K, 0% used [0x00000000d7f80000,0x00000000d7f80000,0x00000000d8480000)
 ParOldGen       total 87552K, used 0K [0x0000000081c00000, 0x0000000087180000, 0x00000000d5f00000)
  object space 87552K, 0% used [0x0000000081c00000,0x0000000081c00000,0x0000000087180000)
 Metaspace       used 674K, capacity 4480K, committed 4480K, reserved 1056768K
  class space    used 66K, capacity 384K, committed 384K, reserved 1048576K

Card table byte_map: [0x0000000002b70000,0x0000000002f70000] byte_map_base: 0x0000000002762000

Marking Bits: (ParMarkBitMap*) 0x000000005771b460
 Begin Bits: [0x0000000003da0000, 0x0000000005d30000)
 End Bits:   [0x0000000005d30000, 0x0000000007cc0000)

Polling page: 0x0000000000350000

CodeCache: size=245760Kb used=327Kb max_used=327Kb free=245432Kb
 bounds [0x000000000f010000, 0x000000000f280000, 0x000000001e010000]
 total_blobs=56 nmethods=0 adapters=37
 compilation: enabled

Compilation events (0 events):
No events

GC Heap History (0 events):
No events

Deoptimization events (0 events):
No events

Internal exceptions (0 events):
No events

Events (10 events):
Event: 0.017 loading class java/lang/Short
Event: 0.017 loading class java/lang/Short done
Event: 0.017 loading class java/lang/Integer
Event: 0.017 loading class java/lang/Integer done
Event: 0.017 loading class java/lang/Long
Event: 0.017 loading class java/lang/Long done
Event: 0.018 loading class java/lang/NullPointerException
Event: 0.018 loading class java/lang/NullPointerException done
Event: 0.018 loading class java/lang/ArithmeticException
Event: 0.018 loading class java/lang/ArithmeticException done


Dynamic libraries:
0x000000013f150000 - 0x000000013f184000 	C:\Program Files\Java\jdk1.8.0_20\bin\java.exe
0x0000000077bf0000 - 0x0000000077d99000 	C:\Windows\SYSTEM32\ntdll.dll
0x0000000077ad0000 - 0x0000000077bef000 	C:\Windows\system32\kernel32.dll
0x000007fefdd50000 - 0x000007fefddbc000 	C:\Windows\system32\KERNELBASE.dll
0x000007feff600000 - 0x000007feff6db000 	C:\Windows\system32\ADVAPI32.dll
0x000007feff560000 - 0x000007feff5ff000 	C:\Windows\system32\msvcrt.dll
0x000007feff540000 - 0x000007feff55f000 	C:\Windows\SYSTEM32\sechost.dll
0x000007feffdd0000 - 0x000007feffefd000 	C:\Windows\system32\RPCRT4.dll
0x00000000779d0000 - 0x0000000077aca000 	C:\Windows\system32\USER32.dll
0x000007fefe070000 - 0x000007fefe0d7000 	C:\Windows\system32\GDI32.dll
0x000007fefd980000 - 0x000007fefd98e000 	C:\Windows\system32\LPK.dll
0x000007fefee70000 - 0x000007fefef39000 	C:\Windows\system32\USP10.dll
0x000007fefbec0000 - 0x000007fefc0b4000 	C:\Windows\WinSxS\amd64_microsoft.windows.common-controls_6595b64144ccf1df_6.0.7601.17514_none_fa396087175ac9ac\COMCTL32.dll
0x000007feff350000 - 0x000007feff3c1000 	C:\Windows\system32\SHLWAPI.dll
0x000007feff6e0000 - 0x000007feff70e000 	C:\Windows\system32\IMM32.DLL
0x000007feff710000 - 0x000007feff819000 	C:\Windows\system32\MSCTF.dll
0x000007fefd930000 - 0x000007fefd962000 	C:\Windows\system32\nvinitx.dll
0x000000000f000000 - 0x000000000f006000 	C:\Program Files\NVIDIA Corporation\CoProcManager\detoured.dll
0x000007fef9d00000 - 0x000007fef9d33000 	C:\Program Files\NVIDIA Corporation\CoProcManager\nvd3d9wrapx.dll
0x000007feffb20000 - 0x000007feffcf7000 	C:\Windows\system32\SETUPAPI.dll
0x000007fefdcc0000 - 0x000007fefdcf6000 	C:\Windows\system32\CFGMGR32.dll
0x000007feffa40000 - 0x000007feffb17000 	C:\Windows\system32\OLEAUT32.dll
0x000007feff830000 - 0x000007feffa33000 	C:\Windows\system32\ole32.dll
0x000007fefdc90000 - 0x000007fefdcaa000 	C:\Windows\system32\DEVOBJ.dll
0x000007fef9c30000 - 0x000007fef9c53000 	C:\Program Files\NVIDIA Corporation\CoProcManager\nvdxgiwrapx.dll
0x000000005db40000 - 0x000000005dc12000 	C:\Program Files\Java\jdk1.8.0_20\jre\bin\msvcr100.dll
0x0000000056f40000 - 0x0000000057798000 	C:\Program Files\Java\jdk1.8.0_20\jre\bin\server\jvm.dll
0x000007fef9060000 - 0x000007fef9069000 	C:\Windows\system32\WSOCK32.dll
0x000007feffd00000 - 0x000007feffd4d000 	C:\Windows\system32\WS2_32.dll
0x000007feff820000 - 0x000007feff828000 	C:\Windows\system32\NSI.dll
0x000007fefacc0000 - 0x000007fefacfb000 	C:\Windows\system32\WINMM.dll
0x0000000077db0000 - 0x0000000077db7000 	C:\Windows\system32\PSAPI.DLL
0x000000006ba30000 - 0x000000006ba3f000 	C:\Program Files\Java\jdk1.8.0_20\jre\bin\verify.dll
0x00000000680e0000 - 0x0000000068108000 	C:\Program Files\Java\jdk1.8.0_20\jre\bin\java.dll
0x0000000068120000 - 0x0000000068136000 	C:\Program Files\Java\jdk1.8.0_20\jre\bin\zip.dll

VM Arguments:
java_command: <unknown>
java_class_path (initial): .
Launcher Type: SUN_STANDARD

Environment Variables:
JAVA_HOME=C:\Program Files\Java\jdk1.8.0_20
PATH=C:\ProgramData\Oracle\Java\javapath;C:\Program Files (x86)\Intel\iCLS Client\;C:\Program Files\Intel\iCLS Client\;C:\Program Files (x86)\NVIDIA Corporation\PhysX\Common;C:\Windows\system32;C:\Windows;C:\Windows\System32\Wbem;C:\Windows\System32\WindowsPowerShell\v1.0\;C:\Program Files\Intel\Intel(R) Management Engine Components\DAL;C:\Program Files\Intel\Intel(R) Management Engine Components\IPT;C:\Program Files (x86)\Intel\Intel(R) Management Engine Components\DAL;C:\Program Files (x86)\Intel\Intel(R) Management Engine Components\IPT;C:\Program Files\Microsoft SQL Server\110\Tools\Binn\;C:\Program Files\MATLAB\R2010a\runtime\win64;C:\Program Files\MATLAB\R2010a\bin;C:\Users\steven\Desktop\Androiddevelop\sdk\tools;C:\Users\steven\Desktop\Androiddevelop\sdk\platform-tools;D:\Git\cmd;C:\Program Files (x86)\IDM Computer Solutions\UltraEdit\
USERNAME=steven
OS=Windows_NT
PROCESSOR_IDENTIFIER=Intel64 Family 6 Model 60 Stepping 3, GenuineIntel



---------------  S Y S T E M  ---------------

OS: Windows 7 , 64 bit Build 7601 Service Pack 1

CPU:total 8 (4 cores per cpu, 2 threads per core) family 6 model 60 stepping 3, cmov, cx8, fxsr, mmx, sse, sse2, sse3, ssse3, sse4.1, sse4.2, popcnt, avx, avx2, aes, clmul, erms, lzcnt, ht, tsc, tscinvbit, bmi1, bmi2

Memory: 4k page, physical 8266096k(868948k free), swap 15750004k(5096k free)

vm_info: Java HotSpot(TM) 64-Bit Server VM (25.20-b23) for windows-amd64 JRE (1.8.0_20-b26), built on Jul 30 2014 13:51:23 by "java_re" with MS VC++ 10.0 (VS2010)

time: Wed Feb 18 21:45:06 2015
elapsed time: 0 seconds (0d 0h 0m 0s)

