#
# There is insufficient memory for the Java Runtime Environment to continue.
# Native memory allocation (malloc) failed to allocate 524304 bytes for Chunk::new
# Possible reasons:
#   The system is out of physical RAM or swap space
#   In 32 bit mode, the process size limit was hit
# Possible solutions:
#   Reduce memory load on the system
#   Increase physical memory or swap space
#   Check if swap backing store is full
#   Use 64 bit Java on a 64 bit OS
#   Decrease Java heap size (-Xmx/-Xms)
#   Decrease number of Java threads
#   Decrease Java thread stack sizes (-Xss)
#   Set larger code cache with -XX:ReservedCodeCacheSize=
# This output file may be truncated or incomplete.
#
#  Out of Memory Error (allocation.cpp:390), pid=25852, tid=25004
#
# JRE version: Java(TM) SE Runtime Environment (8.0_20-b26) (build 1.8.0_20-b26)
# Java VM: Java HotSpot(TM) 64-Bit Server VM (25.20-b23 mixed mode windows-amd64 compressed oops)
# Failed to write core dump. Minidumps are not enabled by default on client versions of Windows
#

---------------  T H R E A D  ---------------

Current thread (0x000000005660e800):  JavaThread "C2 CompilerThread2" daemon [_thread_in_native, id=25004, stack(0x00000000588e0000,0x00000000589e0000)]

Stack: [0x00000000588e0000,0x00000000589e0000]
Native frames: (J=compiled Java code, j=interpreted, Vv=VM code, C=native code)
V  [jvm.dll+0x3152fa]


Current CompileTask:
C2:8738190 15396       4       org.eclipse.jdt.internal.compiler.lookup.BinaryTypeBinding::createMethod (1098 bytes)


---------------  P R O C E S S  ---------------

Java Threads: ( => current thread )
  0x00000000590ed000 JavaThread "stdout" [_thread_in_native, id=18680, stack(0x0000000067670000,0x0000000067770000)]
  0x00000000590ec000 JavaThread "stderr" [_thread_in_native, id=25900, stack(0x0000000066c80000,0x0000000066d80000)]
  0x000000005bd32800 JavaThread "Stdin handler" [_thread_blocked, id=26444, stack(0x000000005b090000,0x000000005b190000)]
  0x000000005bd31800 JavaThread "Daemon worker Thread 6" [_thread_blocked, id=26676, stack(0x000000005ab10000,0x000000005ac10000)]
  0x000000005bd30000 JavaThread "Cancel handler" [_thread_blocked, id=27384, stack(0x000000005aec0000,0x000000005afc0000)]
  0x000000005bd31000 JavaThread "Handler for socket connection from /127.0.0.1:10494 to /127.0.0.1:13685" [_thread_in_native, id=19296, stack(0x000000005ad90000,0x000000005ae90000)]
  0x000000005bd2f800 JavaThread "Daemon Thread 6" [_thread_blocked, id=12448, stack(0x000000005ac70000,0x000000005ad70000)]
  0x000000005dfbb800 JavaThread "File lock request listener" [_thread_in_native, id=25704, stack(0x000000005efb0000,0x000000005f0b0000)]
  0x0000000059873800 JavaThread "Incoming local TCP Connector on port 10494" [_thread_in_native, id=23500, stack(0x000000005a7e0000,0x000000005a8e0000)]
  0x00000000566a4800 JavaThread "Service Thread" daemon [_thread_blocked, id=11728, stack(0x0000000058b90000,0x0000000058c90000)]
  0x000000005660f800 JavaThread "C1 CompilerThread3" daemon [_thread_blocked, id=8076, stack(0x0000000058680000,0x0000000058780000)]
=>0x000000005660e800 JavaThread "C2 CompilerThread2" daemon [_thread_in_native, id=25004, stack(0x00000000588e0000,0x00000000589e0000)]
  0x000000005660c800 JavaThread "C2 CompilerThread1" daemon [_thread_in_native, id=25972, stack(0x0000000058780000,0x0000000058880000)]
  0x00000000565ed000 JavaThread "C2 CompilerThread0" daemon [_thread_blocked, id=24772, stack(0x0000000058540000,0x0000000058640000)]
  0x00000000565ec000 JavaThread "Attach Listener" daemon [_thread_blocked, id=5268, stack(0x0000000058400000,0x0000000058500000)]
  0x00000000565ea800 JavaThread "Signal Dispatcher" daemon [_thread_blocked, id=25228, stack(0x0000000058220000,0x0000000058320000)]
  0x000000000242f000 JavaThread "Finalizer" daemon [_thread_blocked, id=10080, stack(0x0000000057e60000,0x0000000057f60000)]
  0x0000000055523800 JavaThread "Reference Handler" daemon [_thread_blocked, id=26072, stack(0x0000000058080000,0x0000000058180000)]
  0x000000000249f000 JavaThread "main" [_thread_blocked, id=23356, stack(0x00000000027e0000,0x00000000028e0000)]

Other Threads:
  0x0000000056593000 VMThread [stack: 0x0000000057f80000,0x0000000058080000] [id=18580]
  0x00000000566a6000 WatcherThread [stack: 0x0000000058a40000,0x0000000058b40000] [id=26228]

VM state:not at safepoint (normal execution)

VM Mutex/Monitor currently owned by a thread: None

Heap:
 PSYoungGen      total 289792K, used 179375K [0x00000000eab00000, 0x0000000100000000, 0x0000000100000000)
  eden space 230400K, 52% used [0x00000000eab00000,0x00000000f2032558,0x00000000f8c00000)
  from space 59392K, 99% used [0x00000000f8c00000,0x00000000fc5f96c8,0x00000000fc600000)
  to   space 59392K, 0% used [0x00000000fc600000,0x00000000fc600000,0x0000000100000000)
 ParOldGen       total 183808K, used 86978K [0x00000000c0000000, 0x00000000cb380000, 0x00000000eab00000)
  object space 183808K, 47% used [0x00000000c0000000,0x00000000c54f09c0,0x00000000cb380000)
 Metaspace       used 97622K, capacity 102333K, committed 110592K, reserved 1142784K
  class space    used 12300K, capacity 13777K, committed 16896K, reserved 1048576K

Card table byte_map: [0x0000000011ca0000,0x0000000011eb0000] byte_map_base: 0x00000000116a0000

Marking Bits: (ParMarkBitMap*) 0x000000005771b460
 Begin Bits: [0x0000000012940000, 0x0000000013940000)
 End Bits:   [0x0000000013940000, 0x0000000014940000)

Polling page: 0x0000000000240000

CodeCache: size=245760Kb used=52446Kb max_used=52458Kb free=193313Kb
 bounds [0x00000000028e0000, 0x0000000005c60000, 0x00000000118e0000]
 total_blobs=13422 nmethods=12688 adapters=645
 compilation: enabled

Compilation events (10 events):
Event: 8735.700 Thread 0x000000005660f800 nmethod 16268 0x0000000005be9d50 code [0x0000000005be9ee0, 0x0000000005bea268]
Event: 8735.700 Thread 0x000000005660f800 16269       3       com.android.tools.lint.checks.ResourceCycleDetector$1::get (6 bytes)
Event: 8735.701 Thread 0x000000005660f800 nmethod 16269 0x0000000005be9690 code [0x0000000005be9820, 0x0000000005be9b98]
Event: 8735.703 Thread 0x000000005660f800 16275       3       org.gradle.logging.internal.LoggingSystemAdapter::restore (28 bytes)
Event: 8735.704 Thread 0x000000005660f800 nmethod 16275 0x0000000005c4ae10 code [0x0000000005c4af80, 0x0000000005c4b2e8]
Event: 8735.704 Thread 0x000000005660f800 16276       3       org.gradle.logging.internal.DefaultStdOutLoggingSystem::restore (6 bytes)
Event: 8735.704 Thread 0x000000005660f800 nmethod 16276 0x0000000005be9290 code [0x0000000005be9400, 0x0000000005be9588]
Event: 8735.704 Thread 0x000000005660f800 16277       3       org.gradle.logging.internal.DefaultStdErrLoggingSystem::restore (6 bytes)
Event: 8735.704 Thread 0x000000005660f800 nmethod 16277 0x0000000005c4aa90 code [0x0000000005c4ac00, 0x0000000005c4ad88]
Event: 8735.707 Thread 0x00000000565ed000 nmethod 16274 0x0000000005c49ad0 code [0x0000000005c49c60, 0x0000000005c4a288]

GC Heap History (10 events):
Event: 8351.468 GC heap before
{Heap before GC invocations=31 (full 8):
 PSYoungGen      total 286208K, used 31645K [0x00000000eab00000, 0x0000000100000000, 0x0000000100000000)
  eden space 225792K, 0% used [0x00000000eab00000,0x00000000eab00000,0x00000000f8780000)
  from space 60416K, 52% used [0x00000000f8780000,0x00000000fa667458,0x00000000fc280000)
  to   space 58880K, 0% used [0x00000000fc680000,0x00000000fc680000,0x0000000100000000)
 ParOldGen       total 183808K, used 84838K [0x00000000c0000000, 0x00000000cb380000, 0x00000000eab00000)
  object space 183808K, 46% used [0x00000000c0000000,0x00000000c52d9a18,0x00000000cb380000)
 Metaspace       used 106821K, capacity 113377K, committed 114688K, reserved 1146880K
  class space    used 14048K, capacity 16296K, committed 16896K, reserved 1048576K
Event: 8352.357 GC heap after
Heap after GC invocations=31 (full 8):
 PSYoungGen      total 286208K, used 0K [0x00000000eab00000, 0x0000000100000000, 0x0000000100000000)
  eden space 225792K, 0% used [0x00000000eab00000,0x00000000eab00000,0x00000000f8780000)
  from space 60416K, 0% used [0x00000000f8780000,0x00000000f8780000,0x00000000fc280000)
  to   space 58880K, 0% used [0x00000000fc680000,0x00000000fc680000,0x0000000100000000)
 ParOldGen       total 183808K, used 83711K [0x00000000c0000000, 0x00000000cb380000, 0x00000000eab00000)
  object space 183808K, 45% used [0x00000000c0000000,0x00000000c51bfe98,0x00000000cb380000)
 Metaspace       used 74247K, capacity 76581K, committed 110592K, reserved 1142784K
  class space    used 9251K, capacity 9909K, committed 16896K, reserved 1048576K
}
Event: 8355.822 GC heap before
{Heap before GC invocations=32 (full 8):
 PSYoungGen      total 286208K, used 225792K [0x00000000eab00000, 0x0000000100000000, 0x0000000100000000)
  eden space 225792K, 100% used [0x00000000eab00000,0x00000000f8780000,0x00000000f8780000)
  from space 60416K, 0% used [0x00000000f8780000,0x00000000f8780000,0x00000000fc280000)
  to   space 58880K, 0% used [0x00000000fc680000,0x00000000fc680000,0x0000000100000000)
 ParOldGen       total 183808K, used 83711K [0x00000000c0000000, 0x00000000cb380000, 0x00000000eab00000)
  object space 183808K, 45% used [0x00000000c0000000,0x00000000c51bfe98,0x00000000cb380000)
 Metaspace       used 80334K, capacity 83586K, committed 110592K, reserved 1142784K
  class space    used 10164K, capacity 11132K, committed 16896K, reserved 1048576K
Event: 8355.842 GC heap after
Heap after GC invocations=32 (full 8):
 PSYoungGen      total 281088K, used 25561K [0x00000000eab00000, 0x00000000ff880000, 0x0000000100000000)
  eden space 229888K, 0% used [0x00000000eab00000,0x00000000eab00000,0x00000000f8b80000)
  from space 51200K, 49% used [0x00000000fc680000,0x00000000fdf76540,0x00000000ff880000)
  to   space 55808K, 0% used [0x00000000f8b80000,0x00000000f8b80000,0x00000000fc200000)
 ParOldGen       total 183808K, used 83719K [0x00000000c0000000, 0x00000000cb380000, 0x00000000eab00000)
  object space 183808K, 45% used [0x00000000c0000000,0x00000000c51c1e98,0x00000000cb380000)
 Metaspace       used 80334K, capacity 83586K, committed 110592K, reserved 1142784K
  class space    used 10164K, capacity 11132K, committed 16896K, reserved 1048576K
}
Event: 8730.738 GC heap before
{Heap before GC invocations=33 (full 8):
 PSYoungGen      total 281088K, used 255449K [0x00000000eab00000, 0x00000000ff880000, 0x0000000100000000)
  eden space 229888K, 100% used [0x00000000eab00000,0x00000000f8b80000,0x00000000f8b80000)
  from space 51200K, 49% used [0x00000000fc680000,0x00000000fdf76540,0x00000000ff880000)
  to   space 55808K, 0% used [0x00000000f8b80000,0x00000000f8b80000,0x00000000fc200000)
 ParOldGen       total 183808K, used 83719K [0x00000000c0000000, 0x00000000cb380000, 0x00000000eab00000)
  object space 183808K, 45% used [0x00000000c0000000,0x00000000c51c1e98,0x00000000cb380000)
 Metaspace       used 84265K, capacity 88184K, committed 110592K, reserved 1142784K
  class space    used 10709K, capacity 11907K, committed 16896K, reserved 1048576K
Event: 8730.758 GC heap after
Heap after GC invocations=33 (full 8):
 PSYoungGen      total 285696K, used 28939K [0x00000000eab00000, 0x00000000fff00000, 0x0000000100000000)
  eden space 229888K, 0% used [0x00000000eab00000,0x00000000eab00000,0x00000000f8b80000)
  from space 55808K, 51% used [0x00000000f8b80000,0x00000000fa7c2f48,0x00000000fc200000)
  to   space 53760K, 0% used [0x00000000fca80000,0x00000000fca80000,0x00000000fff00000)
 ParOldGen       total 183808K, used 83727K [0x00000000c0000000, 0x00000000cb380000, 0x00000000eab00000)
  object space 183808K, 45% used [0x00000000c0000000,0x00000000c51c3e98,0x00000000cb380000)
 Metaspace       used 84265K, capacity 88184K, committed 110592K, reserved 1142784K
  class space    used 10709K, capacity 11907K, committed 16896K, reserved 1048576K
}
Event: 8733.523 GC heap before
{Heap before GC invocations=34 (full 8):
 PSYoungGen      total 285696K, used 258827K [0x00000000eab00000, 0x00000000fff00000, 0x0000000100000000)
  eden space 229888K, 100% used [0x00000000eab00000,0x00000000f8b80000,0x00000000f8b80000)
  from space 55808K, 51% used [0x00000000f8b80000,0x00000000fa7c2f48,0x00000000fc200000)
  to   space 53760K, 0% used [0x00000000fca80000,0x00000000fca80000,0x00000000fff00000)
 ParOldGen       total 183808K, used 83727K [0x00000000c0000000, 0x00000000cb380000, 0x00000000eab00000)
  object space 183808K, 45% used [0x00000000c0000000,0x00000000c51c3e98,0x00000000cb380000)
 Metaspace       used 89594K, capacity 94171K, committed 110592K, reserved 1142784K
  class space    used 11621K, capacity 13040K, committed 16896K, reserved 1048576K
Event: 8733.557 GC heap after
Heap after GC invocations=34 (full 8):
 PSYoungGen      total 284160K, used 49133K [0x00000000eab00000, 0x0000000100000000, 0x0000000100000000)
  eden space 230400K, 0% used [0x00000000eab00000,0x00000000eab00000,0x00000000f8c00000)
  from space 53760K, 91% used [0x00000000fca80000,0x00000000ffa7b630,0x00000000fff00000)
  to   space 59392K, 0% used [0x00000000f8c00000,0x00000000f8c00000,0x00000000fc600000)
 ParOldGen       total 183808K, used 83735K [0x00000000c0000000, 0x00000000cb380000, 0x00000000eab00000)
  object space 183808K, 45% used [0x00000000c0000000,0x00000000c51c5e98,0x00000000cb380000)
 Metaspace       used 89594K, capacity 94171K, committed 110592K, reserved 1142784K
  class space    used 11621K, capacity 13040K, committed 16896K, reserved 1048576K
}
Event: 8735.377 GC heap before
{Heap before GC invocations=35 (full 8):
 PSYoungGen      total 284160K, used 279533K [0x00000000eab00000, 0x0000000100000000, 0x0000000100000000)
  eden space 230400K, 100% used [0x00000000eab00000,0x00000000f8c00000,0x00000000f8c00000)
  from space 53760K, 91% used [0x00000000fca80000,0x00000000ffa7b630,0x00000000fff00000)
  to   space 59392K, 0% used [0x00000000f8c00000,0x00000000f8c00000,0x00000000fc600000)
 ParOldGen       total 183808K, used 83735K [0x00000000c0000000, 0x00000000cb380000, 0x00000000eab00000)
  object space 183808K, 45% used [0x00000000c0000000,0x00000000c51c5e98,0x00000000cb380000)
 Metaspace       used 97574K, capacity 102305K, committed 110592K, reserved 1142784K
  class space    used 12292K, capacity 13770K, committed 16896K, reserved 1048576K
Event: 8735.441 GC heap after
Heap after GC invocations=35 (full 8):
 PSYoungGen      total 289792K, used 59365K [0x00000000eab00000, 0x0000000100000000, 0x0000000100000000)
  eden space 230400K, 0% used [0x00000000eab00000,0x00000000eab00000,0x00000000f8c00000)
  from space 59392K, 99% used [0x00000000f8c00000,0x00000000fc5f96c8,0x00000000fc600000)
  to   space 59392K, 0% used [0x00000000fc600000,0x00000000fc600000,0x0000000100000000)
 ParOldGen       total 183808K, used 86978K [0x00000000c0000000, 0x00000000cb380000, 0x00000000eab00000)
  object space 183808K, 47% used [0x00000000c0000000,0x00000000c54f09c0,0x00000000cb380000)
 Metaspace       used 97574K, capacity 102305K, committed 110592K, reserved 1142784K
  class space    used 12292K, capacity 13770K, committed 16896K, reserved 1048576K
}

Deoptimization events (10 events):
Event: 8732.123 Thread 0x000000005bd31800 Uncommon trap: reason=bimorphic action=maybe_recompile pc=0x00000000049271c8 method=com.sun.org.apache.xerces.internal.parsers.AbstractSAXParser.startNamespaceMapping()V @ 65
Event: 8732.124 Thread 0x000000005bd31800 Uncommon trap: reason=bimorphic action=maybe_recompile pc=0x00000000049271c8 method=com.sun.org.apache.xerces.internal.parsers.AbstractSAXParser.startNamespaceMapping()V @ 65
Event: 8733.022 Thread 0x000000005bd31800 Uncommon trap: reason=unreached action=reinterpret pc=0x00000000031e515c method=java.util.EnumMap.isValidKey(Ljava/lang/Object;)Z @ 16
Event: 8733.421 Thread 0x000000005bd31800 Uncommon trap: reason=class_check action=maybe_recompile pc=0x0000000002ad1c58 method=java.lang.String.equals(Ljava/lang/Object;)Z @ 8
Event: 8733.422 Thread 0x000000005bd31800 Uncommon trap: reason=class_check action=maybe_recompile pc=0x0000000002ad1c58 method=java.lang.String.equals(Ljava/lang/Object;)Z @ 8
Event: 8734.071 Thread 0x000000005bd31800 Uncommon trap: reason=bimorphic action=maybe_recompile pc=0x0000000002f8e364 method=java.util.AbstractList$Itr.next()Ljava/lang/Object; @ 14
Event: 8734.072 Thread 0x000000005bd31800 Uncommon trap: reason=bimorphic action=maybe_recompile pc=0x0000000002f8e364 method=java.util.AbstractList$Itr.next()Ljava/lang/Object; @ 14
Event: 8734.472 Thread 0x000000005bd31800 Uncommon trap: reason=array_check action=maybe_recompile pc=0x0000000004e39bf4 method=java.util.TimSort.mergeLo(IIII)V @ 212
Event: 8734.473 Thread 0x000000005bd31800 Uncommon trap: reason=array_check action=maybe_recompile pc=0x0000000004e39bf4 method=java.util.TimSort.mergeLo(IIII)V @ 212
Event: 8735.699 Thread 0x000000005bd31800 Uncommon trap: reason=class_check action=maybe_recompile pc=0x0000000003028984 method=java.util.regex.Pattern$Begin.match(Ljava/util/regex/Matcher;ILjava/lang/CharSequence;)Z @ 30

Internal exceptions (10 events):
Event: 8734.379 Thread 0x000000005bd31800 Exception <a 'java/lang/ArrayIndexOutOfBoundsException'> (0x00000000f0f1a998) thrown at [D:\re\workspace\8-2-build-windows-amd64-cygwin\jdk8u20\1074\hotspot\src\share\vm\runtime\sharedRuntime.cpp, line 604]
Event: 8734.380 Thread 0x000000005bd31800 Exception <a 'java/lang/ArrayIndexOutOfBoundsException'> (0x00000000f0f1d020) thrown at [D:\re\workspace\8-2-build-windows-amd64-cygwin\jdk8u20\1074\hotspot\src\share\vm\runtime\sharedRuntime.cpp, line 604]
Event: 8734.380 Thread 0x000000005bd31800 Exception <a 'java/lang/ArrayIndexOutOfBoundsException'> (0x00000000f0f1f3f8) thrown at [D:\re\workspace\8-2-build-windows-amd64-cygwin\jdk8u20\1074\hotspot\src\share\vm\runtime\sharedRuntime.cpp, line 604]
Event: 8734.380 Thread 0x000000005bd31800 Exception <a 'java/lang/ArrayIndexOutOfBoundsException'> (0x00000000f0f21818) thrown at [D:\re\workspace\8-2-build-windows-amd64-cygwin\jdk8u20\1074\hotspot\src\share\vm\runtime\sharedRuntime.cpp, line 604]
Event: 8734.381 Thread 0x000000005bd31800 Exception <a 'java/lang/ArrayIndexOutOfBoundsException'> (0x00000000f0f23798) thrown at [D:\re\workspace\8-2-build-windows-amd64-cygwin\jdk8u20\1074\hotspot\src\share\vm\runtime\sharedRuntime.cpp, line 604]
Event: 8734.390 Thread 0x000000005bd31800 Exception <a 'java/lang/ArrayIndexOutOfBoundsException'> (0x00000000f0f73c60) thrown at [D:\re\workspace\8-2-build-windows-amd64-cygwin\jdk8u20\1074\hotspot\src\share\vm\runtime\sharedRuntime.cpp, line 604]
Event: 8734.391 Thread 0x000000005bd31800 Exception <a 'java/lang/ArrayIndexOutOfBoundsException'> (0x00000000f0f8aa68) thrown at [D:\re\workspace\8-2-build-windows-amd64-cygwin\jdk8u20\1074\hotspot\src\share\vm\runtime\sharedRuntime.cpp, line 604]
Event: 8734.405 Thread 0x000000005bd31800 Exception <a 'java/lang/ArrayIndexOutOfBoundsException'> (0x00000000f10555e8) thrown at [D:\re\workspace\8-2-build-windows-amd64-cygwin\jdk8u20\1074\hotspot\src\share\vm\runtime\sharedRuntime.cpp, line 604]
Event: 8734.406 Thread 0x000000005bd31800 Exception <a 'java/lang/ArrayIndexOutOfBoundsException'> (0x00000000f10664b0) thrown at [D:\re\workspace\8-2-build-windows-amd64-cygwin\jdk8u20\1074\hotspot\src\share\vm\runtime\sharedRuntime.cpp, line 604]
Event: 8734.406 Thread 0x000000005bd31800 Exception <a 'java/lang/ArrayIndexOutOfBoundsException'> (0x00000000f1069490) thrown at [D:\re\workspace\8-2-build-windows-amd64-cygwin\jdk8u20\1074\hotspot\src\share\vm\runtime\sharedRuntime.cpp, line 604]

Events (10 events):
Event: 8735.573 Thread 0x000000005660c800 flushing nmethod 0x0000000004567390
Event: 8735.589 Thread 0x000000005bd31800 DEOPT PACKING pc=0x00000000059e35d6 sp=0x000000005ac0baa0
Event: 8735.589 Thread 0x000000005bd31800 DEOPT UNPACKING pc=0x00000000029275bf sp=0x000000005ac0bc18 mode 0
Event: 8735.594 Thread 0x000000005bd31800 DEOPT PACKING pc=0x00000000059e3b27 sp=0x000000005ac0baa0
Event: 8735.594 Thread 0x000000005bd31800 DEOPT UNPACKING pc=0x00000000029275bf sp=0x000000005ac0bc18 mode 0
Event: 8735.699 Thread 0x000000005bd31800 Uncommon trap: trap_request=0xffffffde fr.pc=0x0000000003028984
Event: 8735.699 Thread 0x000000005bd31800 DEOPT PACKING pc=0x0000000003028984 sp=0x000000005ac0c150
Event: 8735.699 Thread 0x000000005bd31800 DEOPT UNPACKING pc=0x000000000292556a sp=0x000000005ac0c0d8 mode 2
Event: 8735.739 Thread 0x00000000590ec000 Thread added: 0x00000000590ec000
Event: 8735.739 Thread 0x00000000590ed000 Thread added: 0x00000000590ed000


Dynamic libraries:
0x000000013f490000 - 0x000000013f4c4000 	C:\Program Files\Java\jdk1.8.0_20\bin\java.exe
0x0000000077bf0000 - 0x0000000077d99000 	C:\Windows\SYSTEM32\ntdll.dll
0x0000000077ad0000 - 0x0000000077bef000 	C:\Windows\system32\kernel32.dll
0x000007fefdd50000 - 0x000007fefddbc000 	C:\Windows\system32\KERNELBASE.dll
0x000007feff600000 - 0x000007feff6db000 	C:\Windows\system32\ADVAPI32.dll
0x000007feff560000 - 0x000007feff5ff000 	C:\Windows\system32\msvcrt.dll
0x000007feff540000 - 0x000007feff55f000 	C:\Windows\SYSTEM32\sechost.dll
0x000007feffdd0000 - 0x000007feffefd000 	C:\Windows\system32\RPCRT4.dll
0x00000000779d0000 - 0x0000000077aca000 	C:\Windows\system32\USER32.dll
0x000007fefe070000 - 0x000007fefe0d7000 	C:\Windows\system32\GDI32.dll
0x000007fefd980000 - 0x000007fefd98e000 	C:\Windows\system32\LPK.dll
0x000007fefee70000 - 0x000007fefef39000 	C:\Windows\system32\USP10.dll
0x000007fefbec0000 - 0x000007fefc0b4000 	C:\Windows\WinSxS\amd64_microsoft.windows.common-controls_6595b64144ccf1df_6.0.7601.17514_none_fa396087175ac9ac\COMCTL32.dll
0x000007feff350000 - 0x000007feff3c1000 	C:\Windows\system32\SHLWAPI.dll
0x000007feff6e0000 - 0x000007feff70e000 	C:\Windows\system32\IMM32.DLL
0x000007feff710000 - 0x000007feff819000 	C:\Windows\system32\MSCTF.dll
0x0000000078c50000 - 0x0000000078d22000 	C:\Program Files\Java\jdk1.8.0_20\jre\bin\msvcr100.dll
0x0000000056f40000 - 0x0000000057798000 	C:\Program Files\Java\jdk1.8.0_20\jre\bin\server\jvm.dll
0x000007fef9060000 - 0x000007fef9069000 	C:\Windows\system32\WSOCK32.dll
0x000007feffd00000 - 0x000007feffd4d000 	C:\Windows\system32\WS2_32.dll
0x000007feff820000 - 0x000007feff828000 	C:\Windows\system32\NSI.dll
0x000007fefacc0000 - 0x000007fefacfb000 	C:\Windows\system32\WINMM.dll
0x0000000077db0000 - 0x0000000077db7000 	C:\Windows\system32\PSAPI.DLL
0x000000006ea80000 - 0x000000006ea8f000 	C:\Program Files\Java\jdk1.8.0_20\jre\bin\verify.dll
0x000000006ea50000 - 0x000000006ea78000 	C:\Program Files\Java\jdk1.8.0_20\jre\bin\java.dll
0x000000006ea30000 - 0x000000006ea46000 	C:\Program Files\Java\jdk1.8.0_20\jre\bin\zip.dll
0x000007fefe0e0000 - 0x000007fefee68000 	C:\Windows\system32\SHELL32.dll
0x000007feff830000 - 0x000007feffa33000 	C:\Windows\system32\ole32.dll
0x000007fefda20000 - 0x000007fefda2f000 	C:\Windows\system32\profapi.dll
0x000007fefd3f0000 - 0x000007fefd407000 	C:\Windows\system32\CRYPTSP.dll
0x000007fefced0000 - 0x000007fefcf17000 	C:\Windows\system32\rsaenh.dll
0x000007fefda30000 - 0x000007fefda4e000 	C:\Windows\system32\USERENV.dll
0x000007fefd860000 - 0x000007fefd86f000 	C:\Windows\system32\CRYPTBASE.dll
0x000000006d700000 - 0x000000006d71a000 	C:\Program Files\Java\jdk1.8.0_20\jre\bin\net.dll
0x000007fefd0c0000 - 0x000007fefd115000 	C:\Windows\system32\mswsock.dll
0x000007fefd0b0000 - 0x000007fefd0b7000 	C:\Windows\System32\wship6.dll
0x000007fefbe40000 - 0x000007fefbe67000 	C:\Windows\system32\IPHLPAPI.DLL
0x000007fefbe30000 - 0x000007fefbe3b000 	C:\Windows\system32\WINNSI.DLL
0x000007fefbc40000 - 0x000007fefbc58000 	C:\Windows\system32\dhcpcsvc.DLL
0x000007fefbbc0000 - 0x000007fefbbd1000 	C:\Windows\system32\dhcpcsvc6.DLL
0x000000006d5e0000 - 0x000000006d5f1000 	C:\Program Files\Java\jdk1.8.0_20\jre\bin\nio.dll
0x000007fef72a0000 - 0x000007fef72b2000 	C:\Users\steven\AppData\Local\Temp\native-platform5663364920698264801dir\native-platform.dll
0x000007fefd800000 - 0x000007fefd857000 	C:\Windows\system32\apphelp.dll

VM Arguments:
jvm_args: -XX:MaxPermSize=256m -XX:+HeapDumpOnOutOfMemoryError -Xmx1024m -Dfile.encoding=x-windows-950 -Duser.country=TW -Duser.language=zh -Duser.variant 
java_command: org.gradle.launcher.daemon.bootstrap.GradleDaemon 2.2.1 C:\Users\steven\.gradle\daemon 10800000 5ffd3f1e-5900-4ae0-8dd3-fa12664b1bf8 -XX:MaxPermSize=256m -XX:+HeapDumpOnOutOfMemoryError -Xmx1024m -Dfile.encoding=x-windows-950 -Duser.country=TW -Duser.language=zh -Duser.variant
java_class_path (initial): C:\Users\steven\.gradle\wrapper\dists\gradle-2.2.1-all\c64ydeuardnfqctvr1gm30w53\gradle-2.2.1\lib\gradle-launcher-2.2.1.jar
Launcher Type: SUN_STANDARD

Environment Variables:
JAVA_HOME=C:\Program Files\Java\jdk1.8.0_20
PATH=C:\ProgramData\Oracle\Java\javapath;C:\Program Files (x86)\Intel\iCLS Client\;C:\Program Files\Intel\iCLS Client\;C:\Program Files (x86)\NVIDIA Corporation\PhysX\Common;C:\Windows\system32;C:\Windows;C:\Windows\System32\Wbem;C:\Windows\System32\WindowsPowerShell\v1.0\;C:\Program Files\Intel\Intel(R) Management Engine Components\DAL;C:\Program Files\Intel\Intel(R) Management Engine Components\IPT;C:\Program Files (x86)\Intel\Intel(R) Management Engine Components\DAL;C:\Program Files (x86)\Intel\Intel(R) Management Engine Components\IPT;C:\Program Files\Microsoft SQL Server\110\Tools\Binn\;C:\Program Files\MATLAB\R2010a\runtime\win64;C:\Program Files\MATLAB\R2010a\bin;C:\Users\steven\Desktop\Androiddevelop\sdk\tools;C:\Users\steven\Desktop\Androiddevelop\sdk\platform-tools;D:\Git\cmd;C:\Program Files (x86)\IDM Computer Solutions\UltraEdit\
USERNAME=steven
OS=Windows_NT
PROCESSOR_IDENTIFIER=Intel64 Family 6 Model 60 Stepping 3, GenuineIntel



---------------  S Y S T E M  ---------------

OS: Windows 7 , 64 bit Build 7601 Service Pack 1

CPU:total 8 (4 cores per cpu, 2 threads per core) family 6 model 60 stepping 3, cmov, cx8, fxsr, mmx, sse, sse2, sse3, ssse3, sse4.1, sse4.2, popcnt, avx, avx2, aes, clmul, erms, lzcnt, ht, tsc, tscinvbit, bmi1, bmi2

Memory: 4k page, physical 8266096k(201820k free), swap 15750004k(147020k free)

vm_info: Java HotSpot(TM) 64-Bit Server VM (25.20-b23) for windows-amd64 JRE (1.8.0_20-b26), built on Jul 30 2014 13:51:23 by "java_re" with MS VC++ 10.0 (VS2010)

time: Sun Feb 22 21:45:04 2015
elapsed time: 8736 seconds (0d 2h 25m 36s)

